2025-06-26 15:45:55,672 -1025 -httpx -INFO - HTTP Request: GET https://dagshub.com/api/v1/user "HTTP/1.1 200 OK"
2025-06-26 15:45:55,677 -107 -dagshub -INFO - Accessing as astha.vashisth136
2025-06-26 15:45:56,089 -1025 -httpx -INFO - HTTP Request: GET https://dagshub.com/api/v1/repos/astha.vashisth136/Network-Security "HTTP/1.1 200 OK"
2025-06-26 15:45:56,446 -1025 -httpx -INFO - HTTP Request: GET https://dagshub.com/api/v1/user "HTTP/1.1 200 OK"
2025-06-26 15:45:56,448 -107 -dagshub -INFO - Initialized MLflow to track repo "astha.vashisth136/Network-Security"
2025-06-26 15:45:56,450 -107 -dagshub -INFO - Repository astha.vashisth136/Network-Security initialized!
2025-06-26 15:45:56,457 -18 -networksecurity.logging.logger -INFO - Initiated Data Ingestion Component
2025-06-26 15:45:58,593 -55 -networksecurity.logging.logger -INFO - Performed train test split on dataframe
2025-06-26 15:45:58,593 -56 -networksecurity.logging.logger -INFO - Exited split_data_as_train_test_method
2025-06-26 15:45:58,593 -61 -networksecurity.logging.logger -INFO - Exporting train and test file path
2025-06-26 15:45:58,675 -68 -networksecurity.logging.logger -INFO - Exported train and tets split
2025-06-26 15:45:58,676 -20 -networksecurity.logging.logger -INFO - Data Ingestion Artifact Created
2025-06-26 15:45:58,681 -24 -networksecurity.logging.logger -INFO - Initiated Data Validation Component
2025-06-26 15:45:58,786 -37 -networksecurity.logging.logger -INFO - Expected number of columns: 31
2025-06-26 15:45:58,787 -38 -networksecurity.logging.logger -INFO - Actual number of columns: 31
2025-06-26 15:45:58,787 -37 -networksecurity.logging.logger -INFO - Expected number of columns: 31
2025-06-26 15:45:58,787 -38 -networksecurity.logging.logger -INFO - Actual number of columns: 31
2025-06-26 15:45:58,965 -26 -networksecurity.logging.logger -INFO - Data Validation Completed
2025-06-26 15:45:58,966 -29 -networksecurity.logging.logger -INFO - Initiated Data Transformation Component
2025-06-26 15:45:58,966 -46 -networksecurity.logging.logger -INFO - Entered data trans class
2025-06-26 15:45:58,966 -48 -networksecurity.logging.logger -INFO - Starting data trans
2025-06-26 15:45:59,086 -36 -networksecurity.logging.logger -INFO - Entered get_data_transformer_object to handle np.nan values
2025-06-26 15:45:59,086 -39 -networksecurity.logging.logger -INFO - Initialised KNN imputer
2025-06-26 15:45:59,101 -44 -networksecurity.logging.logger -INFO - Entered save object method
2025-06-26 15:45:59,106 -49 -networksecurity.logging.logger -INFO - Exited save object method
2025-06-26 15:45:59,106 -44 -networksecurity.logging.logger -INFO - Entered save object method
2025-06-26 15:45:59,109 -49 -networksecurity.logging.logger -INFO - Exited save object method
2025-06-26 15:45:59,111 -32 -networksecurity.logging.logger -INFO - Exited Data Transformation Component
2025-06-26 15:45:59,112 -34 -networksecurity.logging.logger -INFO - Model trainer started
2025-06-26 15:46:22,826 -44 -networksecurity.logging.logger -INFO - Entered save object method
2025-06-26 15:46:22,836 -49 -networksecurity.logging.logger -INFO - Exited save object method
2025-06-26 15:46:22,836 -44 -networksecurity.logging.logger -INFO - Entered save object method
2025-06-26 15:46:22,843 -49 -networksecurity.logging.logger -INFO - Exited save object method
2025-06-26 15:46:22,843 -128 -networksecurity.logging.logger -INFO - Model trainer artifact created
2025-06-26 15:46:22,845 -38 -networksecurity.logging.logger -INFO - Model trained
